<?xml version="1.0" encoding="UTF-8"?>
<!-- Generated by org.testng.reporters.JUnitReportReporter -->
<testsuite skipped="0" hostname="LAPTOP-SYASA" name="casestudy5.CaseStudyToUpdateEdurekaUserProfile" tests="1" failures="0" timestamp="25 Dec 2018 17:45:52 GMT" time="77.775" errors="0">
  <testcase name="updateEdurekaUserProfile" time="77.775" classname="casestudy5.CaseStudyToUpdateEdurekaUserProfile"/>
</testsuite> <!-- casestudy5.CaseStudyToUpdateEdurekaUserProfile -->
