<?xml version="1.0" encoding="UTF-8"?>
<!-- Generated by org.testng.reporters.JUnitReportReporter -->
<testsuite skipped="0" hostname="LAPTOP-SYASA" name="casestudy4.CaseStudy4FlightTicketAvailabilityCheck" tests="1" failures="0" timestamp="24 Dec 2018 12:59:18 GMT" time="53.808" errors="0">
  <testcase name="testFlightTicketAvailabilityCheck" time="53.808" classname="casestudy4.CaseStudy4FlightTicketAvailabilityCheck"/>
</testsuite> <!-- casestudy4.CaseStudy4FlightTicketAvailabilityCheck -->
