<?xml version="1.0" encoding="UTF-8"?>
<!-- Generated by org.testng.reporters.JUnitReportReporter -->
<testsuite skipped="0" hostname="LAPTOP-SYASA" name="casestudy7.FlipkartOrderForSeleniumBook" tests="2" failures="0" timestamp="26 Dec 2018 14:06:15 GMT" time="16.045" errors="0">
  <testcase name="orderBookInFlipkart" time="15.853" classname="casestudy7.FlipkartOrderForSeleniumBook"/>
  <testcase name="screenShot" time="0.192" classname="casestudy7.FlipkartOrderForSeleniumBook"/>
</testsuite> <!-- casestudy7.FlipkartOrderForSeleniumBook -->
